<?xml version="1.0" encoding="UTF-8"?>
<testsuite xmlns:xsi="http://www.w3.org/2001/XMLSchema-instance" xsi:noNamespaceSchemaLocation="https://maven.apache.org/surefire/maven-surefire-plugin/xsd/surefire-test-report-3.0.xsd" version="3.0" name="service.impl.PaymentServiceTest" time="0.014" tests="14" errors="0" skipped="0" failures="0">
  <properties>
[...]
</properties>
  <testcase name="testProcessPayment_Bank_InvalidCardLength" classname="service.impl.PaymentServiceTest" time="0.001"/>
  <testcase name="testCreatePayment_UnknownType" classname="service.impl.PaymentServiceTest" time="0.001"/>
  <testcase name="testProcessPayment_Success" classname="service.impl.PaymentServiceTest" time="0.0"/>
  <testcase name="testProcessPayment_Bank_NullExpiry" classname="service.impl.PaymentServiceTest" time="0.0"/>
  <testcase name="testProcessPayment_InsufficientBalance" classname="service.impl.PaymentServiceTest" time="0.0"/>
  <testcase name="testProcessPayment_MethodNotFound" classname="service.impl.PaymentServiceTest" time="0.004"/>
  <testcase name="testGetPaymentMethod" classname="service.impl.PaymentServiceTest" time="0.001"/>
  <testcase name="testProcessPayment_Bank_NullCard" classname="service.impl.PaymentServiceTest" time="0.001"/>
  <testcase name="testCreatePayment_Bank" classname="service.impl.PaymentServiceTest" time="0.0"/>
  <testcase name="testCreatePayment_Grab" classname="service.impl.PaymentServiceTest" time="0.0"/>
  <testcase name="testProcessPayment_Bank_Success" classname="service.impl.PaymentServiceTest" time="0.002"/>
  <testcase name="testProcessPayment_DBError" classname="service.impl.PaymentServiceTest" time="0.001"/>
  <testcase name="testCreatePayment_TNG" classname="service.impl.PaymentServiceTest" time="0.0"/>
  <testcase name="testProcessPayment_Bank_InvalidExpiryLength" classname="service.impl.PaymentServiceTest" time="0.002"/>
</testsuite>